<?xml version="1.0" encoding="utf-8" ?>
<testsuites tests="179" failures="0" time="0.011">
  <testsuite name="test/test_dc_motor_REAL_SRD_MOTOR_001" tests="15" failures="0" skipped="0" errors="0" time="0.001">
    <testcase name="test_Motor_Stop_Should_SetAllChannelsToZero" time="0.000"/>
    <testcase name="test_Motor_Forward_At_Zero_Should_SetZeroPWM" time="0.000"/>
    <testcase name="test_Motor_Forward_At_50Percent_Should_SetCorrectPWM" time="0.000"/>
    <testcase name="test_Motor_Forward_At_Max_Should_SetFullPWM" time="0.000"/>
    <testcase name="test_Motor_Backward_At_50Percent_Should_ReverseDirection" time="0.000"/>
    <testcase name="test_Motor_Left_At_50Percent_Should_TurnLeft" time="0.000"/>
    <testcase name="test_Motor_Right_At_50Percent_Should_TurnRight" time="0.000"/>
    <testcase name="test_Motor_SetMotor_NearZeroSpeed_ShouldCallMotorStop" time="0.000"/>
    <testcase name="test_Motor_SetMotor_PositiveSpeed_ShouldMoveForward" time="0.000"/>
    <testcase name="test_Motor_SetMotor_NegativeSpeed_ShouldMoveBackward" time="0.000"/>
    <testcase name="test_Motor_SetPWM_PositiveLeftRight_ShouldSetForward" time="0.000"/>
    <testcase name="test_Motor_SetPWM_NegativeLeftRight_ShouldSetBackward" time="0.000"/>
    <testcase name="test_Motor_SetPWM_ZeroLeftRight_ShouldStop" time="0.000"/>
    <testcase name="test_Motor_SetPWM_NegativeValues_ShouldClampToZero" time="0.000"/>
    <testcase name="test_Motor_SetPWM_OverflowValues_ShouldClampToMax" time="0.000"/>
  </testsuite>
  <testsuite name="test/test_dc_motor_functions" tests="28" failures="0" skipped="0" errors="0" time="0.001">
    <testcase name="test_DC_Motor_Clamp_ShouldReturnZeroForNegative" time="0.000"/>
    <testcase name="test_DC_Motor_Clamp_ShouldReturnMaxForOverflow" time="0.000"/>
    <testcase name="test_DC_Motor_Clamp_ShouldReturnValueInRange" time="0.000"/>
    <testcase name="test_DC_Motor_Clamp_ShouldHandleZero" time="0.000"/>
    <testcase name="test_DC_Motor_Clamp_ShouldHandleMaxValue" time="0.000"/>
    <testcase name="test_DC_Motor_SubSaturate_ShouldReturnZeroWhenBGreaterThanA" time="0.000"/>
    <testcase name="test_DC_Motor_SubSaturate_ShouldReturnDifference" time="0.000"/>
    <testcase name="test_DC_Motor_SubSaturate_ShouldReturnZeroWhenEqual" time="0.000"/>
    <testcase name="test_DC_Motor_ValidatePWM_ShouldAcceptValidRange" time="0.000"/>
    <testcase name="test_DC_Motor_ValidatePWM_ShouldAcceptNegativeValues" time="0.000"/>
    <testcase name="test_DC_Motor_ValidatePWM_ShouldRejectOverflow" time="0.000"/>
    <testcase name="test_DC_Motor_ValidatePWM_ShouldRejectUnderflow" time="0.000"/>
    <testcase name="test_DC_Motor_ValidatePWM_ShouldAcceptZero" time="0.000"/>
    <testcase name="test_DC_Motor_ValidatePWM_ShouldRejectRightCountsOverflow" time="0.000"/>
    <testcase name="test_DC_Motor_ValidatePWM_ShouldRejectRightCountsUnderflow" time="0.000"/>
    <testcase name="test_DC_Motor_CalculatePWM_ShouldReturnZeroForZeroSpeed" time="0.000"/>
    <testcase name="test_DC_Motor_CalculatePWM_ShouldReturnMaxForFullSpeed" time="0.000"/>
    <testcase name="test_DC_Motor_CalculatePWM_ShouldReturnHalfForHalfSpeed" time="0.000"/>
    <testcase name="test_DC_Motor_CalculatePWM_ShouldClampNegativeToZero" time="0.000"/>
    <testcase name="test_DC_Motor_CalculatePWM_ShouldClampAboveOneToMax" time="0.000"/>
    <testcase name="test_DC_Motor_GetDirection_ShouldReturnForward" time="0.000"/>
    <testcase name="test_DC_Motor_GetDirection_ShouldReturnBackward" time="0.000"/>
    <testcase name="test_DC_Motor_GetDirection_ShouldReturnStopForZero" time="0.000"/>
    <testcase name="test_DC_Motor_GetDirection_ShouldReturnStopForSmallPositive" time="0.000"/>
    <testcase name="test_DC_Motor_GetDirection_ShouldReturnStopForSmallNegative" time="0.000"/>
    <testcase name="test_DC_Motor_AbsoluteSpeed_ShouldReturnPositiveForPositive" time="0.000"/>
    <testcase name="test_DC_Motor_AbsoluteSpeed_ShouldReturnPositiveForNegative" time="0.000"/>
    <testcase name="test_DC_Motor_AbsoluteSpeed_ShouldReturnZeroForZero" time="0.000"/>
  </testsuite>
  <testsuite name="test/test_servo_functions" tests="26" failures="0" skipped="0" errors="0" time="0.002">
    <testcase name="test_Servo_ValidateAngle_ShouldAcceptZero" time="0.000"/>
    <testcase name="test_Servo_ValidateAngle_ShouldAccept90Degrees" time="0.000"/>
    <testcase name="test_Servo_ValidateAngle_ShouldAccept180Degrees" time="0.000"/>
    <testcase name="test_Servo_ValidateAngle_ShouldRejectAbove180" time="0.000"/>
    <testcase name="test_Servo_ValidateAngle_ShouldRejectLargeValue" time="0.000"/>
    <testcase name="test_Servo_ValidatePulseRange_ShouldAcceptValidRange" time="0.000"/>
    <testcase name="test_Servo_ValidatePulseRange_ShouldRejectEqualValues" time="0.000"/>
    <testcase name="test_Servo_ValidatePulseRange_ShouldRejectMinGreaterThanMax" time="0.000"/>
    <testcase name="test_Servo_ValidatePulseRange_ShouldRejectMaxOverflow" time="0.000"/>
    <testcase name="test_Servo_CalculatePulse_ShouldReturnMinForZeroDegrees" time="0.000"/>
    <testcase name="test_Servo_CalculatePulse_ShouldReturnMaxFor180Degrees" time="0.000"/>
    <testcase name="test_Servo_CalculatePulse_ShouldReturnMidFor90Degrees" time="0.000"/>
    <testcase name="test_Servo_CalculatePulse_ShouldClampAbove180" time="0.000"/>
    <testcase name="test_Servo_CalculatePulse_ShouldHandle45Degrees" time="0.000"/>
    <testcase name="test_Servo_CalculatePulse_ShouldHandle135Degrees" time="0.000"/>
    <testcase name="test_Servo_ClampAngle_ShouldReturnValueInRange" time="0.000"/>
    <testcase name="test_Servo_ClampAngle_ShouldClampTo180" time="0.000"/>
    <testcase name="test_Servo_ClampAngle_ShouldReturnZero" time="0.000"/>
    <testcase name="test_Servo_ClampAngle_ShouldReturn180" time="0.000"/>
    <testcase name="test_Servo_MapAngleToPulse_ShouldReturnMinFor0Percent" time="0.000"/>
    <testcase name="test_Servo_MapAngleToPulse_ShouldReturnMaxFor100Percent" time="0.000"/>
    <testcase name="test_Servo_MapAngleToPulse_ShouldReturnMidFor50Percent" time="0.000"/>
    <testcase name="test_Servo_MapAngleToPulse_ShouldClampAbove100" time="0.000"/>
    <testcase name="test_Servo_MapAngleToPulse_ShouldHandle25Percent" time="0.000"/>
    <testcase name="test_Servo_ValidateAngle_Above180_ShouldReturnError" time="0.000"/>
    <testcase name="test_Servo_ValidateAngle_Valid90_ShouldReturnSuccess" time="0.000"/>
  </testsuite>
  <testsuite name="test/test_speed_sensor_functions" tests="31" failures="0" skipped="0" errors="0" time="0.001">
    <testcase name="test_Speed_CalculateRotations_ShouldReturnOneForThirtyPulses" time="0.000"/>
    <testcase name="test_Speed_CalculateRotations_ShouldReturnZeroForZeroPulses" time="0.000"/>
    <testcase name="test_Speed_CalculateRotations_ShouldReturnTwoFor60Pulses" time="0.000"/>
    <testcase name="test_Speed_CalculateRotations_ShouldReturnHalfFor15Pulses" time="0.000"/>
    <testcase name="test_Speed_CalculateDistance_ShouldReturnPerimeterForOneRotation" time="0.000"/>
    <testcase name="test_Speed_CalculateDistance_ShouldReturnZeroForZeroRotations" time="0.000"/>
    <testcase name="test_Speed_CalculateDistance_ShouldReturnDoubleForTwoRotations" time="0.000"/>
    <testcase name="test_Speed_CalculateDistance_ShouldHandleTenRotations" time="0.000"/>
    <testcase name="test_Speed_CalculateVelocity_ShouldCalculateCorrectSpeed" time="0.000"/>
    <testcase name="test_Speed_CalculateVelocity_ShouldReturnZeroForZeroTime" time="0.000"/>
    <testcase name="test_Speed_CalculateVelocity_ShouldReturnZeroForSmallTime" time="0.000"/>
    <testcase name="test_Speed_CalculateVelocity_ShouldHandleZeroDistance" time="0.000"/>
    <testcase name="test_Speed_CalculateVelocity_ShouldHandleLargeValues" time="0.000"/>
    <testcase name="test_Speed_CalculatePulses_ShouldReturnDifferenceWhenNoOverflow" time="0.000"/>
    <testcase name="test_Speed_CalculatePulses_ShouldReturnZeroWhenEqual" time="0.000"/>
    <testcase name="test_Speed_CalculatePulses_ShouldHandleOverflow" time="0.000"/>
    <testcase name="test_Speed_CalculatePulses_ShouldHandleMaxOverflow" time="0.000"/>
    <testcase name="test_Speed_ValidateTimeDelta_ShouldAcceptValidTime" time="0.000"/>
    <testcase name="test_Speed_ValidateTimeDelta_ShouldRejectZeroTime" time="0.000"/>
    <testcase name="test_Speed_ValidateTimeDelta_ShouldRejectSmallTime" time="0.000"/>
    <testcase name="test_Speed_ValidateTimeDelta_ShouldRejectLargeTime" time="0.000"/>
    <testcase name="test_Speed_ValidateTimeDelta_ShouldAcceptBoundary" time="0.000"/>
    <testcase name="test_Speed_TimeTicksToSeconds_ShouldConvert1000Ticks" time="0.000"/>
    <testcase name="test_Speed_TimeTicksToSeconds_ShouldConvert500Ticks" time="0.000"/>
    <testcase name="test_Speed_TimeTicksToSeconds_ShouldReturnZeroForZeroTicks" time="0.000"/>
    <testcase name="test_Speed_TimeTicksToSeconds_ShouldHandle2000Ticks" time="0.000"/>
    <testcase name="test_Speed_CalculateSpeedMPS_ShouldCalculateCorrectSpeed" time="0.000"/>
    <testcase name="test_Speed_CalculateSpeedMPS_ShouldReturnZeroForZeroPulses" time="0.000"/>
    <testcase name="test_Speed_CalculateSpeedMPS_ShouldReturnZeroForZeroTime" time="0.000"/>
    <testcase name="test_Speed_CalculateSpeedMPS_ShouldHandleHighSpeed" time="0.000"/>
    <testcase name="test_Speed_CalculateSpeedMPS_ShouldHandleLowSpeed" time="0.000"/>
  </testsuite>
  <testsuite name="test/test_threadx_dc_motor" tests="7" failures="0" skipped="0" errors="0" time="0.001">
    <testcase name="test_clamp_u16_NegativeValueShouldReturnZero" time="0.000"/>
    <testcase name="test_clamp_u16_OverflowShouldReturnMax" time="0.000"/>
    <testcase name="test_clamp_u16_ValidRangeShouldReturnValue" time="0.000"/>
    <testcase name="test_sub_sat_u16_BGreaterThanAShouldReturnZero" time="0.000"/>
    <testcase name="test_sub_sat_u16_EqualValuesShouldReturnZero" time="0.000"/>
    <testcase name="test_sub_sat_u16_ValidSubtractionShouldReturnDifference" time="0.000"/>
    <testcase name="test_sub_sat_u16_EdgeCases" time="0.000"/>
  </testsuite>
  <testsuite name="test/test_threadx_dc_motor_with_mocks" tests="24" failures="0" skipped="0" errors="0" time="0.001">
    <testcase name="test_Motor_Stop_ShouldSetAllChannelsToZero" time="0.000"/>
    <testcase name="test_Motor_Stop_ShouldUseCorrectI2CAddress" time="0.000"/>
    <testcase name="test_Motor_Forward_HalfSpeedShouldSetCorrectPWM" time="0.000"/>
    <testcase name="test_Motor_Forward_FullSpeedShouldSetMaxPWM" time="0.000"/>
    <testcase name="test_Motor_Forward_ZeroSpeedShouldSetZeroPWM" time="0.000"/>
    <testcase name="test_Motor_Backward_HalfSpeedShouldSetCorrectPWM" time="0.000"/>
    <testcase name="test_Motor_Backward_FullSpeedShouldSetMaxPWM" time="0.000"/>
    <testcase name="test_Motor_Left_HalfSpeedShouldWork" time="0.000"/>
    <testcase name="test_Motor_Right_HalfSpeedShouldWork" time="0.000"/>
    <testcase name="test_Motor_SetMotor_PositiveValueShouldMoveForward" time="0.000"/>
    <testcase name="test_Motor_SetMotor_NegativeValueShouldMoveBackward" time="0.000"/>
    <testcase name="test_Motor_SetMotor_ZeroShouldStop" time="0.000"/>
    <testcase name="test_Motor_SetMotor_VerySmallValueShouldStop" time="0.000"/>
    <testcase name="test_Motor_SetPWM_PositiveLeftPositiveRight" time="0.000"/>
    <testcase name="test_Motor_SetPWM_NegativeLeftNegativeRight" time="0.000"/>
    <testcase name="test_Motor_SetPWM_ZeroLeftZeroRight" time="0.000"/>
    <testcase name="test_Motor_SetPWM_MixedValues" time="0.000"/>
    <testcase name="test_Motor_SetPWM_OverflowValues" time="0.000"/>
    <testcase name="test_Motor_Forward_ShouldContinueOnI2CError" time="0.000"/>
    <testcase name="test_Motor_Stop_ShouldContinueOnI2CTimeout" time="0.000"/>
    <testcase name="test_Motor_Forward_ExtremeSpeedShouldClamp" time="0.000"/>
    <testcase name="test_Motor_Backward_NegativeSpeedShouldClamp" time="0.000"/>
    <testcase name="test_Motor_SetPWM_NegativeLeftCounts_ShouldClamp" time="0.000"/>
    <testcase name="test_Motor_SetPWM_NegativeRightCounts_ShouldClamp" time="0.000"/>
  </testsuite>
  <testsuite name="test/test_threadx_servo_motor" tests="10" failures="0" skipped="0" errors="0" time="0.001">
    <testcase name="test_clamp_u16_servo_NegativeValueShouldReturnZero" time="0.000"/>
    <testcase name="test_clamp_u16_servo_OverMaxShouldReturnMax" time="0.000"/>
    <testcase name="test_clamp_u16_servo_ValidRangeShouldReturnValue" time="0.000"/>
    <testcase name="test_calculate_servo_pulse_MinAngleShouldReturnMinPulse" time="0.000"/>
    <testcase name="test_calculate_servo_pulse_MaxAngleShouldReturnMaxPulse" time="0.000"/>
    <testcase name="test_calculate_servo_pulse_MidAngleShouldReturnMidPulse" time="0.000"/>
    <testcase name="test_calculate_servo_pulse_AngleOverMaxShouldClamp" time="0.000"/>
    <testcase name="test_calculate_servo_pulse_InvalidRangeShouldReturnZero" time="0.000"/>
    <testcase name="test_calculate_servo_pulse_QuarterAngle" time="0.000"/>
    <testcase name="test_calculate_servo_pulse_ThreeQuarterAngle" time="0.000"/>
  </testsuite>
  <testsuite name="test/test_threadx_servo_motor_with_mocks" tests="27" failures="0" skipped="0" errors="0" time="0.001">
    <testcase name="test_Servo_SetAngle_MinAngleShouldSucceed" time="0.000"/>
    <testcase name="test_Servo_SetAngle_MaxAngleShouldSucceed" time="0.000"/>
    <testcase name="test_Servo_SetAngle_MidAngleShouldSucceed" time="0.000"/>
    <testcase name="test_Servo_SetAngle_45DegreeShouldSucceed" time="0.000"/>
    <testcase name="test_Servo_SetAngle_135DegreeShouldSucceed" time="0.000"/>
    <testcase name="test_Servo_SetAngle_AngleOver180ShouldClampTo180" time="0.000"/>
    <testcase name="test_Servo_SetAngle_InvalidRangeShouldReturnError" time="0.000"/>
    <testcase name="test_Servo_SetAngle_EqualMinMaxShouldReturnError" time="0.000"/>
    <testcase name="test_Servo_SetAngle_I2CErrorShouldReturnNegative2" time="0.000"/>
    <testcase name="test_Servo_SetAngle_I2CTimeoutShouldReturnNegative2" time="0.000"/>
    <testcase name="test_Servo_SetAngle_CustomPulseRange" time="0.000"/>
    <testcase name="test_Servo_SetAngle_WidePulseRange" time="0.000"/>
    <testcase name="test_Servo_SetAngle_DifferentChannelShouldWork" time="0.000"/>
    <testcase name="test_Servo_SetAngle_WithDefaultParametersShouldWork" time="0.000"/>
    <testcase name="test_Servo_Sweep_ForwardSweep_ShouldCallMultipleSetAngle" time="0.000"/>
    <testcase name="test_Servo_Sweep_SingleStep_ShouldCallSetAngleOnce" time="0.000"/>
    <testcase name="test_Servo_Sweep_SmallSteps_ShouldWorkCorrectly" time="0.000"/>
    <testcase name="test_Servo_Sweep_BackwardSweep_ShouldCallMultipleSetAngle" time="0.000"/>
    <testcase name="test_Servo_Sweep_BackwardSmallRange_ShouldWork" time="0.000"/>
    <testcase name="test_Servo_Sweep_ZeroStepSize_ShouldDefaultToOne" time="0.000"/>
    <testcase name="test_Servo_Sweep_FullRange_ShouldWork" time="0.000"/>
    <testcase name="test_Servo_Sweep_LargeStep_ShouldWork" time="0.000"/>
    <testcase name="test_Servo_Sweep_CustomPulseRange_ShouldWork" time="0.000"/>
    <testcase name="test_Servo_Sweep_DifferentChannel_ShouldWork" time="0.000"/>
    <testcase name="test_Servo_SetAngle_ExtremelyLargePulseCounts_ShouldClamp" time="0.000"/>
    <testcase name="test_Servo_SetAngle_VeryWidePulseRange_ShouldHandleOverflow" time="0.000"/>
    <testcase name="test_Servo_SetAngle_ZeroDegreeWithLargePulse_ShouldClamp" time="0.000"/>
  </testsuite>
  <testsuite name="test/test_threadx_speed_sensor" tests="11" failures="0" skipped="0" errors="0" time="0.001">
    <testcase name="test_calculate_speed_ZeroPulsesShouldReturnZeroSpeed" time="0.000"/>
    <testcase name="test_calculate_speed_SmallDtShouldReturnZero" time="0.000"/>
    <testcase name="test_calculate_speed_OneRevolutionInOneSecond" time="0.000"/>
    <testcase name="test_calculate_speed_TwoRevolutionsInOneSecond" time="0.000"/>
    <testcase name="test_calculate_speed_HalfRevolutionInHalfSecond" time="0.000"/>
    <testcase name="test_calculate_speed_TypicalCase" time="0.000"/>
    <testcase name="test_calculate_pulses_NoOverflow" time="0.000"/>
    <testcase name="test_calculate_pulses_NoChange" time="0.000"/>
    <testcase name="test_calculate_pulses_WithOverflow" time="0.000"/>
    <testcase name="test_calculate_pulses_MaxOverflow" time="0.000"/>
    <testcase name="test_calculate_pulses_SmallOverflow" time="0.000"/>
  </testsuite>
</testsuites>
