<?xml version="1.0" ?>
<!DOCTYPE coverage
  SYSTEM 'http://cobertura.sourceforge.net/xml/coverage-04.dtd'>
<coverage branch-rate="0.975" branches-covered="78" branches-valid="80" complexity="0" line-rate="1.0" lines-covered="240" lines-valid="240" timestamp="1767893036" version="2.0.3">
	<sources>
		<source>.</source>
	</sources>
	<packages>
		<package line-rate="1.0" branch-rate="0.975" name="tests.unit.motor_servo.src" complexity="0">
			<classes>
				<class branch-rate="1.0" complexity="0" filename="tests/unit/motor_servo/src/dc_motor_functions.c" line-rate="1.0" name="tests.unit.motor_servo.src.dc_motor_functions.c">
					<methods>
						<method name="clamp_u16" signature="" line-rate="1.0" branch-rate="1.0">
							<lines>
								<line hits="5" number="4" branch="false"/>
							</lines>
						</method>
						<method name="sub_sat_u16" signature="" line-rate="1.0" branch-rate="1.0">
							<lines>
								<line hits="3" number="10" branch="false"/>
							</lines>
						</method>
						<method name="DC_Motor_Clamp" signature="" line-rate="1.0" branch-rate="1.0">
							<lines>
								<line hits="5" number="15" branch="false"/>
							</lines>
						</method>
						<method name="DC_Motor_SubSaturate" signature="" line-rate="1.0" branch-rate="1.0">
							<lines>
								<line hits="3" number="19" branch="false"/>
							</lines>
						</method>
						<method name="DC_Motor_ValidatePWM" signature="" line-rate="1.0" branch-rate="1.0">
							<lines>
								<line hits="7" number="23" branch="false"/>
							</lines>
						</method>
						<method name="DC_Motor_CalculatePWM" signature="" line-rate="1.0" branch-rate="1.0">
							<lines>
								<line hits="5" number="31" branch="false"/>
							</lines>
						</method>
						<method name="DC_Motor_GetDirection" signature="" line-rate="1.0" branch-rate="1.0">
							<lines>
								<line hits="5" number="38" branch="false"/>
							</lines>
						</method>
						<method name="DC_Motor_AbsoluteSpeed" signature="" line-rate="1.0" branch-rate="1.0">
							<lines>
								<line hits="3" number="44" branch="false"/>
							</lines>
						</method>
					</methods>
					<lines>
						<line branch="false" hits="5" number="4"/>
						<line branch="true" hits="5" number="5" condition-coverage="100% (2/2)"/>
						<line branch="true" hits="4" number="6" condition-coverage="100% (2/2)"/>
						<line branch="false" hits="3" number="7"/>
						<line branch="false" hits="3" number="10"/>
						<line branch="true" hits="3" number="11" condition-coverage="100% (2/2)"/>
						<line branch="false" hits="1" number="12"/>
						<line branch="false" hits="5" number="15"/>
						<line branch="false" hits="5" number="16"/>
						<line branch="false" hits="3" number="19"/>
						<line branch="false" hits="3" number="20"/>
						<line branch="false" hits="7" number="23"/>
						<line branch="true" hits="7" number="24" condition-coverage="100% (2/2)"/>
						<line branch="true" hits="6" number="25" condition-coverage="100% (2/2)"/>
						<line branch="true" hits="5" number="26" condition-coverage="100% (2/2)"/>
						<line branch="true" hits="4" number="27" condition-coverage="100% (2/2)"/>
						<line branch="false" hits="3" number="28"/>
						<line branch="false" hits="5" number="31"/>
						<line branch="false" hits="5" number="32"/>
						<line branch="true" hits="5" number="33" condition-coverage="100% (2/2)"/>
						<line branch="true" hits="5" number="34" condition-coverage="100% (2/2)"/>
						<line branch="false" hits="5" number="35"/>
						<line branch="false" hits="5" number="38"/>
						<line branch="true" hits="5" number="39" condition-coverage="100% (2/2)"/>
						<line branch="true" hits="4" number="40" condition-coverage="100% (2/2)"/>
						<line branch="false" hits="3" number="41"/>
						<line branch="false" hits="3" number="44"/>
						<line branch="true" hits="3" number="45" condition-coverage="100% (2/2)"/>
						<line branch="false" hits="2" number="46"/>
					</lines>
				</class>
				<class branch-rate="0.9375" complexity="0" filename="tests/unit/motor_servo/src/dc_motor_testable.c" line-rate="1.0" name="tests.unit.motor_servo.src.dc_motor_testable.c">
					<methods>
						<method name="clamp_u16" signature="" line-rate="1.0" branch-rate="1.0">
							<lines>
								<line hits="18" number="4" branch="false"/>
							</lines>
						</method>
						<method name="Motor_Stop_Testable" signature="" line-rate="1.0" branch-rate="1.0">
							<lines>
								<line hits="5" number="10" branch="false"/>
							</lines>
						</method>
						<method name="Motor_Forward_Testable" signature="" line-rate="1.0" branch-rate="1.0">
							<lines>
								<line hits="5" number="20" branch="false"/>
							</lines>
						</method>
						<method name="Motor_Backward_Testable" signature="" line-rate="1.0" branch-rate="1.0">
							<lines>
								<line hits="3" number="33" branch="false"/>
							</lines>
						</method>
						<method name="Motor_Left_Testable" signature="" line-rate="1.0" branch-rate="1.0">
							<lines>
								<line hits="1" number="46" branch="false"/>
							</lines>
						</method>
						<method name="Motor_Right_Testable" signature="" line-rate="1.0" branch-rate="1.0">
							<lines>
								<line hits="1" number="59" branch="false"/>
							</lines>
						</method>
						<method name="Motor_SetMotor_Testable" signature="" line-rate="1.0" branch-rate="1.0">
							<lines>
								<line hits="4" number="72" branch="false"/>
							</lines>
						</method>
						<method name="Motor_SetPWM_Testable" signature="" line-rate="1.0" branch-rate="1.0">
							<lines>
								<line hits="7" number="102" branch="false"/>
							</lines>
						</method>
					</methods>
					<lines>
						<line branch="false" hits="18" number="4"/>
						<line branch="true" hits="18" number="5" condition-coverage="50% (1/2)"/>
						<line branch="true" hits="18" number="6" condition-coverage="100% (2/2)"/>
						<line branch="false" hits="14" number="7"/>
						<line branch="false" hits="5" number="10"/>
						<line branch="false" hits="5" number="11"/>
						<line branch="false" hits="5" number="12"/>
						<line branch="false" hits="5" number="13"/>
						<line branch="false" hits="5" number="15"/>
						<line branch="false" hits="5" number="16"/>
						<line branch="false" hits="5" number="17"/>
						<line branch="false" hits="5" number="18"/>
						<line branch="false" hits="5" number="20"/>
						<line branch="false" hits="5" number="21"/>
						<line branch="false" hits="5" number="22"/>
						<line branch="false" hits="5" number="24"/>
						<line branch="false" hits="5" number="25"/>
						<line branch="false" hits="5" number="26"/>
						<line branch="false" hits="5" number="28"/>
						<line branch="false" hits="5" number="29"/>
						<line branch="false" hits="5" number="30"/>
						<line branch="false" hits="5" number="31"/>
						<line branch="false" hits="3" number="33"/>
						<line branch="false" hits="3" number="34"/>
						<line branch="false" hits="3" number="35"/>
						<line branch="false" hits="3" number="37"/>
						<line branch="false" hits="3" number="38"/>
						<line branch="false" hits="3" number="39"/>
						<line branch="false" hits="3" number="41"/>
						<line branch="false" hits="3" number="42"/>
						<line branch="false" hits="3" number="43"/>
						<line branch="false" hits="3" number="44"/>
						<line branch="false" hits="1" number="46"/>
						<line branch="false" hits="1" number="47"/>
						<line branch="false" hits="1" number="48"/>
						<line branch="false" hits="1" number="50"/>
						<line branch="false" hits="1" number="51"/>
						<line branch="false" hits="1" number="52"/>
						<line branch="false" hits="1" number="54"/>
						<line branch="false" hits="1" number="55"/>
						<line branch="false" hits="1" number="56"/>
						<line branch="false" hits="1" number="57"/>
						<line branch="false" hits="1" number="59"/>
						<line branch="false" hits="1" number="60"/>
						<line branch="false" hits="1" number="61"/>
						<line branch="false" hits="1" number="63"/>
						<line branch="false" hits="1" number="64"/>
						<line branch="false" hits="1" number="65"/>
						<line branch="false" hits="1" number="67"/>
						<line branch="false" hits="1" number="68"/>
						<line branch="false" hits="1" number="69"/>
						<line branch="false" hits="1" number="70"/>
						<line branch="false" hits="4" number="72"/>
						<line branch="false" hits="4" number="73"/>
						<line branch="false" hits="4" number="74"/>
						<line branch="true" hits="4" number="76" condition-coverage="100% (2/2)"/>
						<line branch="false" hits="2" number="77"/>
						<line branch="false" hits="2" number="78"/>
						<line branch="true" hits="2" number="81" condition-coverage="100% (2/2)"/>
						<line branch="false" hits="1" number="83"/>
						<line branch="false" hits="1" number="84"/>
						<line branch="false" hits="1" number="85"/>
						<line branch="false" hits="1" number="87"/>
						<line branch="false" hits="1" number="88"/>
						<line branch="false" hits="1" number="89"/>
						<line branch="false" hits="1" number="92"/>
						<line branch="false" hits="1" number="93"/>
						<line branch="false" hits="1" number="94"/>
						<line branch="false" hits="1" number="96"/>
						<line branch="false" hits="1" number="97"/>
						<line branch="false" hits="1" number="98"/>
						<line branch="false" hits="7" number="102"/>
						<line branch="false" hits="7" number="103"/>
						<line branch="true" hits="7" number="106" condition-coverage="100% (2/2)"/>
						<line branch="false" hits="4" number="107"/>
						<line branch="false" hits="4" number="108"/>
						<line branch="false" hits="4" number="109"/>
						<line branch="false" hits="4" number="110"/>
						<line branch="true" hits="3" number="111" condition-coverage="100% (2/2)"/>
						<line branch="false" hits="2" number="112"/>
						<line branch="false" hits="2" number="113"/>
						<line branch="false" hits="2" number="114"/>
						<line branch="false" hits="2" number="115"/>
						<line branch="false" hits="1" number="117"/>
						<line branch="false" hits="1" number="118"/>
						<line branch="false" hits="1" number="119"/>
						<line branch="true" hits="7" number="123" condition-coverage="100% (2/2)"/>
						<line branch="false" hits="2" number="124"/>
						<line branch="false" hits="2" number="125"/>
						<line branch="false" hits="2" number="126"/>
						<line branch="false" hits="2" number="127"/>
						<line branch="true" hits="5" number="128" condition-coverage="100% (2/2)"/>
						<line branch="false" hits="4" number="129"/>
						<line branch="false" hits="4" number="130"/>
						<line branch="false" hits="4" number="131"/>
						<line branch="false" hits="4" number="132"/>
						<line branch="false" hits="1" number="134"/>
						<line branch="false" hits="1" number="135"/>
						<line branch="false" hits="1" number="136"/>
						<line branch="false" hits="7" number="138"/>
					</lines>
				</class>
				<class branch-rate="0.0" complexity="0" filename="tests/unit/motor_servo/src/pca9685_testable.c" line-rate="1.0" name="tests.unit.motor_servo.src.pca9685_testable.c">
					<methods>
						<method name="PCA9685_SetPWM_Testable" signature="" line-rate="1.0" branch-rate="1.0">
							<lines>
								<line hits="144" number="5" branch="false"/>
							</lines>
						</method>
					</methods>
					<lines>
						<line branch="false" hits="144" number="5"/>
						<line branch="false" hits="144" number="8"/>
						<line branch="false" hits="144" number="9"/>
						<line branch="false" hits="144" number="11"/>
						<line branch="false" hits="144" number="12"/>
						<line branch="false" hits="144" number="13"/>
						<line branch="false" hits="144" number="14"/>
						<line branch="false" hits="144" number="16"/>
					</lines>
				</class>
				<class branch-rate="1.0" complexity="0" filename="tests/unit/motor_servo/src/servo_functions.c" line-rate="1.0" name="tests.unit.motor_servo.src.servo_functions.c">
					<methods>
						<method name="clamp_u16" signature="" line-rate="1.0" branch-rate="1.0">
							<lines>
								<line hits="6" number="3" branch="false"/>
							</lines>
						</method>
						<method name="Servo_ValidateAngle" signature="" line-rate="1.0" branch-rate="1.0">
							<lines>
								<line hits="7" number="7" branch="false"/>
							</lines>
						</method>
						<method name="Servo_ValidatePulseRange" signature="" line-rate="1.0" branch-rate="1.0">
							<lines>
								<line hits="4" number="12" branch="false"/>
							</lines>
						</method>
						<method name="Servo_CalculatePulse" signature="" line-rate="1.0" branch-rate="1.0">
							<lines>
								<line hits="6" number="18" branch="false"/>
							</lines>
						</method>
						<method name="Servo_ClampAngle" signature="" line-rate="1.0" branch-rate="1.0">
							<lines>
								<line hits="4" number="27" branch="false"/>
							</lines>
						</method>
						<method name="Servo_MapAngleToPulse" signature="" line-rate="1.0" branch-rate="1.0">
							<lines>
								<line hits="5" number="32" branch="false"/>
							</lines>
						</method>
					</methods>
					<lines>
						<line branch="false" hits="6" number="3"/>
						<line branch="false" hits="6" number="4"/>
						<line branch="false" hits="7" number="7"/>
						<line branch="true" hits="7" number="8" condition-coverage="100% (2/2)"/>
						<line branch="false" hits="4" number="9"/>
						<line branch="false" hits="4" number="12"/>
						<line branch="true" hits="4" number="13" condition-coverage="100% (2/2)"/>
						<line branch="true" hits="2" number="14" condition-coverage="100% (2/2)"/>
						<line branch="false" hits="1" number="15"/>
						<line branch="false" hits="6" number="18"/>
						<line branch="true" hits="6" number="19" condition-coverage="100% (2/2)"/>
						<line branch="false" hits="6" number="21"/>
						<line branch="false" hits="6" number="22"/>
						<line branch="false" hits="6" number="24"/>
						<line branch="false" hits="4" number="27"/>
						<line branch="true" hits="4" number="28" condition-coverage="100% (2/2)"/>
						<line branch="false" hits="3" number="29"/>
						<line branch="false" hits="5" number="32"/>
						<line branch="true" hits="5" number="33" condition-coverage="100% (2/2)"/>
						<line branch="false" hits="5" number="35"/>
						<line branch="false" hits="5" number="36"/>
						<line branch="false" hits="5" number="38"/>
					</lines>
				</class>
				<class branch-rate="0.9444444444444444" complexity="0" filename="tests/unit/motor_servo/src/servo_motor.c" line-rate="1.0" name="tests.unit.motor_servo.src.servo_motor.c">
					<methods>
						<method name="clamp_u16" signature="" line-rate="1.0" branch-rate="1.0">
							<lines>
								<line hits="57" number="6" branch="false"/>
							</lines>
						</method>
						<method name="Servo_SetAngle" signature="" line-rate="1.0" branch-rate="1.0">
							<lines>
								<line hits="59" number="12" branch="false"/>
							</lines>
						</method>
						<method name="Servo_Sweep" signature="" line-rate="1.0" branch-rate="1.0">
							<lines>
								<line hits="10" number="34" branch="false"/>
							</lines>
						</method>
					</methods>
					<lines>
						<line branch="false" hits="57" number="6"/>
						<line branch="true" hits="57" number="7" condition-coverage="50% (1/2)"/>
						<line branch="true" hits="57" number="8" condition-coverage="100% (2/2)"/>
						<line branch="false" hits="55" number="9"/>
						<line branch="false" hits="59" number="12"/>
						<line branch="true" hits="59" number="19" condition-coverage="100% (2/2)"/>
						<line branch="true" hits="59" number="20" condition-coverage="100% (2/2)"/>
						<line branch="false" hits="2" number="21"/>
						<line branch="false" hits="57" number="24"/>
						<line branch="false" hits="57" number="25"/>
						<line branch="false" hits="57" number="27"/>
						<line branch="true" hits="57" number="28" condition-coverage="100% (2/2)"/>
						<line branch="false" hits="2" number="29"/>
						<line branch="false" hits="55" number="31"/>
						<line branch="false" hits="10" number="34"/>
						<line branch="true" hits="10" number="44" condition-coverage="100% (2/2)"/>
						<line branch="true" hits="10" number="46" condition-coverage="100% (2/2)"/>
						<line branch="true" hits="42" number="47" condition-coverage="100% (2/2)"/>
						<line branch="false" hits="34" number="48"/>
						<line branch="true" hits="10" number="52" condition-coverage="100% (2/2)"/>
						<line branch="false" hits="8" number="53"/>
						<line branch="false" hits="10" number="58"/>
					</lines>
				</class>
				<class branch-rate="1.0" complexity="0" filename="tests/unit/motor_servo/src/speed_sensor_functions.c" line-rate="1.0" name="tests.unit.motor_servo.src.speed_sensor_functions.c">
					<methods>
						<method name="Speed_CalculateRotations" signature="" line-rate="1.0" branch-rate="1.0">
							<lines>
								<line hits="8" number="7" branch="false"/>
							</lines>
						</method>
						<method name="Speed_CalculateDistance" signature="" line-rate="1.0" branch-rate="1.0">
							<lines>
								<line hits="8" number="11" branch="false"/>
							</lines>
						</method>
						<method name="Speed_CalculateVelocity" signature="" line-rate="1.0" branch-rate="1.0">
							<lines>
								<line hits="9" number="15" branch="false"/>
							</lines>
						</method>
						<method name="Speed_CalculatePulses" signature="" line-rate="1.0" branch-rate="1.0">
							<lines>
								<line hits="4" number="20" branch="false"/>
							</lines>
						</method>
						<method name="Speed_ValidateTimeDelta" signature="" line-rate="1.0" branch-rate="1.0">
							<lines>
								<line hits="5" number="28" branch="false"/>
							</lines>
						</method>
						<method name="Speed_TimeTicksToSeconds" signature="" line-rate="1.0" branch-rate="1.0">
							<lines>
								<line hits="4" number="34" branch="false"/>
							</lines>
						</method>
						<method name="Speed_CalculateSpeedMPS" signature="" line-rate="1.0" branch-rate="1.0">
							<lines>
								<line hits="5" number="38" branch="false"/>
							</lines>
						</method>
					</methods>
					<lines>
						<line branch="false" hits="8" number="7"/>
						<line branch="false" hits="8" number="8"/>
						<line branch="false" hits="8" number="11"/>
						<line branch="false" hits="8" number="12"/>
						<line branch="false" hits="9" number="15"/>
						<line branch="true" hits="9" number="16" condition-coverage="100% (2/2)"/>
						<line branch="false" hits="7" number="17"/>
						<line branch="false" hits="4" number="20"/>
						<line branch="true" hits="4" number="21" condition-coverage="100% (2/2)"/>
						<line branch="false" hits="2" number="22"/>
						<line branch="false" hits="2" number="24"/>
						<line branch="false" hits="5" number="28"/>
						<line branch="true" hits="5" number="29" condition-coverage="100% (2/2)"/>
						<line branch="true" hits="3" number="30" condition-coverage="100% (2/2)"/>
						<line branch="false" hits="2" number="31"/>
						<line branch="false" hits="4" number="34"/>
						<line branch="false" hits="4" number="35"/>
						<line branch="false" hits="5" number="38"/>
						<line branch="true" hits="5" number="39" condition-coverage="100% (2/2)"/>
						<line branch="false" hits="4" number="41"/>
						<line branch="false" hits="4" number="42"/>
						<line branch="false" hits="4" number="43"/>
					</lines>
				</class>
			</classes>
		</package>
		<package line-rate="1.0" branch-rate="0.0" name="tests.unit.speed_sensor.src" complexity="0">
			<classes>
				<class branch-rate="0.0" complexity="0" filename="tests/unit/speed_sensor/src/speed_sensor.c" line-rate="1.0" name="tests.unit.speed_sensor.src.speed_sensor.c">
					<methods>
						<method name="read_speed_sensor" signature="" line-rate="1.0" branch-rate="1.0">
							<lines>
								<line hits="21" number="20" branch="false"/>
							</lines>
						</method>
						<method name="speed_sensor" signature="" line-rate="1.0" branch-rate="1.0">
							<lines>
								<line hits="1" number="70" branch="false"/>
							</lines>
						</method>
					</methods>
					<lines>
						<line branch="false" hits="21" number="20"/>
						<line branch="false" hits="21" number="27"/>
						<line branch="false" hits="21" number="30"/>
						<line branch="false" hits="21" number="33"/>
						<line branch="false" hits="1" number="35"/>
						<line branch="false" hits="1" number="36"/>
						<line branch="false" hits="1" number="37"/>
						<line branch="false" hits="1" number="38"/>
						<line branch="false" hits="20" number="42"/>
						<line branch="false" hits="20" number="43"/>
						<line branch="false" hits="20" number="45"/>
						<line branch="false" hits="16" number="48"/>
						<line branch="false" hits="16" number="49"/>
						<line branch="false" hits="12" number="51"/>
						<line branch="false" hits="4" number="55"/>
						<line branch="false" hits="16" number="59"/>
						<line branch="false" hits="16" number="60"/>
						<line branch="false" hits="16" number="63"/>
						<line branch="false" hits="16" number="64"/>
						<line branch="false" hits="16" number="65"/>
						<line branch="false" hits="16" number="67"/>
						<line branch="false" hits="1" number="70"/>
						<line branch="false" hits="1" number="74"/>
						<line branch="false" hits="1" number="79"/>
						<line branch="false" hits="1" number="82"/>
						<line branch="false" hits="2" number="83"/>
						<line branch="false" hits="2" number="84"/>
						<line branch="false" hits="2" number="87"/>
						<line branch="false" hits="2" number="88"/>
						<line branch="false" hits="2" number="91"/>
						<line branch="false" hits="2" number="94"/>
						<line branch="false" hits="2" number="96"/>
						<line branch="false" hits="2" number="97"/>
						<line branch="false" hits="2" number="100"/>
						<line branch="false" hits="2" number="101"/>
						<line branch="false" hits="2" number="102"/>
						<line branch="false" hits="2" number="104"/>
					</lines>
				</class>
			</classes>
		</package>
	</packages>
</coverage>
